# JRE version: OpenJDK Runtime Environment (8.0_242-b01) (build 1.8.0_242-release-1644-b01)
# Java VM: OpenJDK 64-Bit Server VM (25.242-b01 mixed mode windows-amd64 compressed oops)
Heap:
 PSYoungGen      total 118272K, used 108065K [0x00000000d5580000, 0x00000000dec80000, 0x0000000100000000)
  eden space 105984K, 90% used [0x00000000d5580000,0x00000000db30faa8,0x00000000dbd00000)
  from space 12288K, 99% used [0x00000000dbd00000,0x00000000dc8f8c40,0x00000000dc900000)
  to   space 14336K, 99% used [0x00000000dde80000,0x00000000dec79a90,0x00000000dec80000)
 ParOldGen       total 89600K, used 21060K [0x0000000080000000, 0x0000000085780000, 0x00000000d5580000)
  object space 89600K, 23% used [0x0000000080000000,0x00000000814911f0,0x0000000085780000)
 Metaspace       used 57092K, capacity 59044K, committed 59160K, reserved 1101824K
  class space    used 7390K, capacity 7829K, committed 7848K, reserved 1048576K
GC Heap History (10 events):
Event: 13.739 GC heap after
Heap after GC invocations=9 (full 1):
 PSYoungGen      total 93184K, used 7265K [0x00000000d5580000, 0x00000000dbc80000, 0x0000000100000000)
  eden space 82432K, 0% used [0x00000000d5580000,0x00000000d5580000,0x00000000da600000)
  from space 10752K, 67% used [0x00000000db080000,0x00000000db798728,0x00000000dbb00000)
  to   space 10752K, 0% used [0x00000000da600000,0x00000000da600000,0x00000000db080000)
 ParOldGen       total 56832K, used 8990K [0x0000000080000000, 0x0000000083780000, 0x00000000d5580000)
  object space 56832K, 15% used [0x0000000080000000,0x00000000808c7888,0x0000000083780000)
 Metaspace       used 31300K, capacity 32148K, committed 32432K, reserved 1077248K
  class space    used 4217K, capacity 4489K, committed 4528K, reserved 1048576K
}
Event: 17.583 GC heap before
{Heap before GC invocations=10 (full 1):
 PSYoungGen      total 93184K, used 71627K [0x00000000d5580000, 0x00000000dbc80000, 0x0000000100000000)
  eden space 82432K, 78% used [0x00000000d5580000,0x00000000d945a638,0x00000000da600000)
  from space 10752K, 67% used [0x00000000db080000,0x00000000db798728,0x00000000dbb00000)
  to   space 10752K, 0% used [0x00000000da600000,0x00000000da600000,0x00000000db080000)
 ParOldGen       total 56832K, used 8990K [0x0000000080000000, 0x0000000083780000, 0x00000000d5580000)
  object space 56832K, 15% used [0x0000000080000000,0x00000000808c7888,0x0000000083780000)
 Metaspace       used 34445K, capacity 35386K, committed 35496K, reserved 1079296K
  class space    used 4681K, capacity 4942K, committed 5032K, reserved 1048576K
Event: 17.613 GC heap after
Heap after GC invocations=10 (full 1):
 PSYoungGen      total 93184K, used 10741K [0x00000000d5580000, 0x00000000dd780000, 0x0000000100000000)
  eden space 82432K, 0% used [0x00000000d5580000,0x00000000d5580000,0x00000000da600000)
  from space 10752K, 99% used [0x00000000da600000,0x00000000db07d4e8,0x00000000db080000)
  to   space 12288K, 0% used [0x00000000dcb80000,0x00000000dcb80000,0x00000000dd780000)
 ParOldGen       total 56832K, used 9122K [0x0000000080000000, 0x0000000083780000, 0x00000000d5580000)
  object space 56832K, 16% used [0x0000000080000000,0x00000000808e88a0,0x0000000083780000)
 Metaspace       used 34445K, capacity 35386K, committed 35496K, reserved 1079296K
  class space    used 4681K, capacity 4942K, committed 5032K, reserved 1048576K
}
Event: 17.613 GC heap before
{Heap before GC invocations=11 (full 2):
 PSYoungGen      total 93184K, used 10741K [0x00000000d5580000, 0x00000000dd780000, 0x0000000100000000)
  eden space 82432K, 0% used [0x00000000d5580000,0x00000000d5580000,0x00000000da600000)
  from space 10752K, 99% used [0x00000000da600000,0x00000000db07d4e8,0x00000000db080000)
  to   space 12288K, 0% used [0x00000000dcb80000,0x00000000dcb80000,0x00000000dd780000)
 ParOldGen       total 56832K, used 9122K [0x0000000080000000, 0x0000000083780000, 0x00000000d5580000)
  object space 56832K, 16% used [0x0000000080000000,0x00000000808e88a0,0x0000000083780000)
 Metaspace       used 34445K, capacity 35386K, committed 35496K, reserved 1079296K
  class space    used 4681K, capacity 4942K, committed 5032K, reserved 1048576K
Event: 17.739 GC heap after
Heap after GC invocations=11 (full 2):
 PSYoungGen      total 93184K, used 0K [0x00000000d5580000, 0x00000000dd780000, 0x0000000100000000)
  eden space 82432K, 0% used [0x00000000d5580000,0x00000000d5580000,0x00000000da600000)
  from space 10752K, 0% used [0x00000000da600000,0x00000000da600000,0x00000000db080000)
  to   space 12288K, 0% used [0x00000000dcb80000,0x00000000dcb80000,0x00000000dd780000)
 ParOldGen       total 89600K, used 18023K [0x0000000080000000, 0x0000000085780000, 0x00000000d5580000)
  object space 89600K, 20% used [0x0000000080000000,0x0000000081199da8,0x0000000085780000)
 Metaspace       used 34445K, capacity 35386K, committed 35496K, reserved 1079296K
  class space    used 4681K, capacity 4942K, committed 5032K, reserved 1048576K
}
Event: 21.635 GC heap before
{Heap before GC invocations=12 (full 2):
 PSYoungGen      total 93184K, used 82432K [0x00000000d5580000, 0x00000000dd780000, 0x0000000100000000)
  eden space 82432K, 100% used [0x00000000d5580000,0x00000000da600000,0x00000000da600000)
  from space 10752K, 0% used [0x00000000da600000,0x00000000da600000,0x00000000db080000)
  to   space 12288K, 0% used [0x00000000dcb80000,0x00000000dcb80000,0x00000000dd780000)
 ParOldGen       total 89600K, used 18023K [0x0000000080000000, 0x0000000085780000, 0x00000000d5580000)
  object space 89600K, 20% used [0x0000000080000000,0x0000000081199da8,0x0000000085780000)
 Metaspace       used 40729K, capacity 41998K, committed 42280K, reserved 1085440K
  class space    used 5488K, capacity 5813K, committed 5928K, reserved 1048576K
Event: 21.671 GC heap after
Heap after GC invocations=12 (full 2):
 PSYoungGen      total 113152K, used 9440K [0x00000000d5580000, 0x00000000dd500000, 0x0000000100000000)
  eden space 103424K, 0% used [0x00000000d5580000,0x00000000d5580000,0x00000000dba80000)
  from space 9728K, 97% used [0x00000000dcb80000,0x00000000dd4b83a0,0x00000000dd500000)
  to   space 12288K, 0% used [0x00000000dbd00000,0x00000000dbd00000,0x00000000dc900000)
 ParOldGen       total 89600K, used 18031K [0x0000000080000000, 0x0000000085780000, 0x00000000d5580000)
  object space 89600K, 20% used [0x0000000080000000,0x000000008119bda8,0x0000000085780000)
 Metaspace       used 40729K, capacity 41998K, committed 42280K, reserved 1085440K
  class space    used 5488K, capacity 5813K, committed 5928K, reserved 1048576K
}
Event: 70.731 GC heap before
{Heap before GC invocations=13 (full 2):
 PSYoungGen      total 113152K, used 112864K [0x00000000d5580000, 0x00000000dd500000, 0x0000000100000000)
  eden space 103424K, 100% used [0x00000000d5580000,0x00000000dba80000,0x00000000dba80000)
  from space 9728K, 97% used [0x00000000dcb80000,0x00000000dd4b83a0,0x00000000dd500000)
  to   space 12288K, 0% used [0x00000000dbd00000,0x00000000dbd00000,0x00000000dc900000)
 ParOldGen       total 89600K, used 18031K [0x0000000080000000, 0x0000000085780000, 0x00000000d5580000)
  object space 89600K, 20% used [0x0000000080000000,0x000000008119bda8,0x0000000085780000)
 Metaspace       used 48074K, capacity 49872K, committed 50088K, reserved 1093632K
  class space    used 6283K, capacity 6720K, committed 6824K, reserved 1048576K
Event: 70.767 GC heap after
Heap after GC invocations=13 (full 2):
 PSYoungGen      total 118272K, used 12259K [0x00000000d5580000, 0x00000000dec80000, 0x0000000100000000)
  eden space 105984K, 0% used [0x00000000d5580000,0x00000000d5580000,0x00000000dbd00000)
  from space 12288K, 99% used [0x00000000dbd00000,0x00000000dc8f8c40,0x00000000dc900000)
  to   space 14336K, 0% used [0x00000000dde80000,0x00000000dde80000,0x00000000dec80000)
 ParOldGen       total 89600K, used 19209K [0x0000000080000000, 0x0000000085780000, 0x00000000d5580000)
  object space 89600K, 21% used [0x0000000080000000,0x00000000812c2420,0x0000000085780000)
 Metaspace       used 48074K, capacity 49872K, committed 50088K, reserved 1093632K
  class space    used 6283K, capacity 6720K, committed 6824K, reserved 1048576K
}
Event: 86.880 GC heap before
{Heap before GC invocations=14 (full 2):
 PSYoungGen      total 118272K, used 108065K [0x00000000d5580000, 0x00000000dec80000, 0x0000000100000000)
  eden space 105984K, 90% used [0x00000000d5580000,0x00000000db30faa8,0x00000000dbd00000)
  from space 12288K, 99% used [0x00000000dbd00000,0x00000000dc8f8c40,0x00000000dc900000)
  to   space 14336K, 0% used [0x00000000dde80000,0x00000000dde80000,0x00000000dec80000)
 ParOldGen       total 89600K, used 19209K [0x0000000080000000, 0x0000000085780000, 0x00000000d5580000)
  object space 89600K, 21% used [0x0000000080000000,0x00000000812c2420,0x0000000085780000)
 Metaspace       used 57092K, capacity 59044K, committed 59160K, reserved 1101824K
  class space    used 7390K, capacity 7829K, committed 7848K, reserved 1048576K

