# JRE version: OpenJDK Runtime Environment (8.0_242-b01) (build 1.8.0_242-release-1644-b01)
# Java VM: OpenJDK 64-Bit Server VM (25.242-b01 mixed mode windows-amd64 compressed oops)
Heap:
 PSYoungGen      total 49664K, used 18476K [0x00000000d5580000, 0x00000000da400000, 0x0000000100000000)
  eden space 40448K, 36% used [0x00000000d5580000,0x00000000d63f2f68,0x00000000d7d00000)
  from space 9216K, 39% used [0x00000000d7d00000,0x00000000d8098368,0x00000000d8600000)
  to   space 9216K, 0% used [0x00000000d9b00000,0x00000000d9b00000,0x00000000da400000)
 ParOldGen       total 40960K, used 9416K [0x0000000080000000, 0x0000000082800000, 0x00000000d5580000)
  object space 40960K, 22% used [0x0000000080000000,0x0000000080932388,0x0000000082800000)
 Metaspace       used 31274K, capacity 31926K, committed 32128K, reserved 1077248K
  class space    used 4240K, capacity 4449K, committed 4480K, reserved 1048576K
GC Heap History (10 events):
Event: 12.534 GC heap before
{Heap before GC invocations=8 (full 0):
 PSYoungGen      total 32768K, used 6443K [0x00000000d5580000, 0x00000000d8180000, 0x0000000100000000)
  eden space 26624K, 2% used [0x00000000d5580000,0x00000000d5608618,0x00000000d6f80000)
  from space 6144K, 95% used [0x00000000d7000000,0x00000000d75c28c8,0x00000000d7600000)
  to   space 9216K, 0% used [0x00000000d7880000,0x00000000d7880000,0x00000000d8180000)
 ParOldGen       total 76800K, used 7064K [0x0000000080000000, 0x0000000084b00000, 0x00000000d5580000)
  object space 76800K, 9% used [0x0000000080000000,0x00000000806e6030,0x0000000084b00000)
 Metaspace       used 20580K, capacity 21142K, committed 21248K, reserved 1067008K
  class space    used 2888K, capacity 3055K, committed 3072K, reserved 1048576K
Event: 12.542 GC heap after
Heap after GC invocations=8 (full 0):
 PSYoungGen      total 35328K, used 2432K [0x00000000d5580000, 0x00000000d9c80000, 0x0000000100000000)
  eden space 26112K, 0% used [0x00000000d5580000,0x00000000d5580000,0x00000000d6f00000)
  from space 9216K, 26% used [0x00000000d7880000,0x00000000d7ae0030,0x00000000d8180000)
  to   space 9728K, 0% used [0x00000000d6f00000,0x00000000d6f00000,0x00000000d7880000)
 ParOldGen       total 76800K, used 8644K [0x0000000080000000, 0x0000000084b00000, 0x00000000d5580000)
  object space 76800K, 11% used [0x0000000080000000,0x0000000080871090,0x0000000084b00000)
 Metaspace       used 20580K, capacity 21142K, committed 21248K, reserved 1067008K
  class space    used 2888K, capacity 3055K, committed 3072K, reserved 1048576K
}
Event: 12.542 GC heap before
{Heap before GC invocations=9 (full 1):
 PSYoungGen      total 35328K, used 2432K [0x00000000d5580000, 0x00000000d9c80000, 0x0000000100000000)
  eden space 26112K, 0% used [0x00000000d5580000,0x00000000d5580000,0x00000000d6f00000)
  from space 9216K, 26% used [0x00000000d7880000,0x00000000d7ae0030,0x00000000d8180000)
  to   space 9728K, 0% used [0x00000000d6f00000,0x00000000d6f00000,0x00000000d7880000)
 ParOldGen       total 76800K, used 8644K [0x0000000080000000, 0x0000000084b00000, 0x00000000d5580000)
  object space 76800K, 11% used [0x0000000080000000,0x0000000080871090,0x0000000084b00000)
 Metaspace       used 20580K, capacity 21142K, committed 21248K, reserved 1067008K
  class space    used 2888K, capacity 3055K, committed 3072K, reserved 1048576K
Event: 12.636 GC heap after
Heap after GC invocations=9 (full 1):
 PSYoungGen      total 35328K, used 0K [0x00000000d5580000, 0x00000000d9c80000, 0x0000000100000000)
  eden space 26112K, 0% used [0x00000000d5580000,0x00000000d5580000,0x00000000d6f00000)
  from space 9216K, 0% used [0x00000000d7880000,0x00000000d7880000,0x00000000d8180000)
  to   space 9728K, 0% used [0x00000000d6f00000,0x00000000d6f00000,0x00000000d7880000)
 ParOldGen       total 40960K, used 6567K [0x0000000080000000, 0x0000000082800000, 0x00000000d5580000)
  object space 40960K, 16% used [0x0000000080000000,0x0000000080669f60,0x0000000082800000)
 Metaspace       used 20580K, capacity 21142K, committed 21248K, reserved 1067008K
  class space    used 2888K, capacity 3055K, committed 3072K, reserved 1048576K
}
Event: 13.959 GC heap before
{Heap before GC invocations=10 (full 1):
 PSYoungGen      total 35328K, used 26112K [0x00000000d5580000, 0x00000000d9c80000, 0x0000000100000000)
  eden space 26112K, 100% used [0x00000000d5580000,0x00000000d6f00000,0x00000000d6f00000)
  from space 9216K, 0% used [0x00000000d7880000,0x00000000d7880000,0x00000000d8180000)
  to   space 9728K, 0% used [0x00000000d6f00000,0x00000000d6f00000,0x00000000d7880000)
 ParOldGen       total 40960K, used 6567K [0x0000000080000000, 0x0000000082800000, 0x00000000d5580000)
  object space 40960K, 16% used [0x0000000080000000,0x0000000080669f60,0x0000000082800000)
 Metaspace       used 22279K, capacity 22868K, committed 23168K, reserved 1069056K
  class space    used 3166K, capacity 3354K, committed 3456K, reserved 1048576K
Event: 13.968 GC heap after
Heap after GC invocations=10 (full 1):
 PSYoungGen      total 35840K, used 2350K [0x00000000d5580000, 0x00000000d9080000, 0x0000000100000000)
  eden space 26112K, 0% used [0x00000000d5580000,0x00000000d5580000,0x00000000d6f00000)
  from space 9728K, 24% used [0x00000000d6f00000,0x00000000d714ba28,0x00000000d7880000)
  to   space 9728K, 0% used [0x00000000d8700000,0x00000000d8700000,0x00000000d9080000)
 ParOldGen       total 40960K, used 6567K [0x0000000080000000, 0x0000000082800000, 0x00000000d5580000)
  object space 40960K, 16% used [0x0000000080000000,0x0000000080669f60,0x0000000082800000)
 Metaspace       used 22279K, capacity 22868K, committed 23168K, reserved 1069056K
  class space    used 3166K, capacity 3354K, committed 3456K, reserved 1048576K
}
Event: 18.085 GC heap before
{Heap before GC invocations=11 (full 1):
 PSYoungGen      total 35840K, used 28462K [0x00000000d5580000, 0x00000000d9080000, 0x0000000100000000)
  eden space 26112K, 100% used [0x00000000d5580000,0x00000000d6f00000,0x00000000d6f00000)
  from space 9728K, 24% used [0x00000000d6f00000,0x00000000d714ba28,0x00000000d7880000)
  to   space 9728K, 0% used [0x00000000d8700000,0x00000000d8700000,0x00000000d9080000)
 ParOldGen       total 40960K, used 6567K [0x0000000080000000, 0x0000000082800000, 0x00000000d5580000)
  object space 40960K, 16% used [0x0000000080000000,0x0000000080669f60,0x0000000082800000)
 Metaspace       used 27552K, capacity 28140K, committed 28416K, reserved 1073152K
  class space    used 3797K, capacity 3998K, committed 4096K, reserved 1048576K
Event: 18.108 GC heap after
Heap after GC invocations=11 (full 1):
 PSYoungGen      total 48640K, used 5414K [0x00000000d5580000, 0x00000000d8f00000, 0x0000000100000000)
  eden space 40448K, 0% used [0x00000000d5580000,0x00000000d5580000,0x00000000d7d00000)
  from space 8192K, 66% used [0x00000000d8700000,0x00000000d8c49948,0x00000000d8f00000)
  to   space 9216K, 0% used [0x00000000d7d00000,0x00000000d7d00000,0x00000000d8600000)
 ParOldGen       total 40960K, used 6575K [0x0000000080000000, 0x0000000082800000, 0x00000000d5580000)
  object space 40960K, 16% used [0x0000000080000000,0x000000008066bf60,0x0000000082800000)
 Metaspace       used 27552K, capacity 28140K, committed 28416K, reserved 1073152K
  class space    used 3797K, capacity 3998K, committed 4096K, reserved 1048576K
}
Event: 21.760 GC heap before
{Heap before GC invocations=12 (full 1):
 PSYoungGen      total 48640K, used 45862K [0x00000000d5580000, 0x00000000d8f00000, 0x0000000100000000)
  eden space 40448K, 100% used [0x00000000d5580000,0x00000000d7d00000,0x00000000d7d00000)
  from space 8192K, 66% used [0x00000000d8700000,0x00000000d8c49948,0x00000000d8f00000)
  to   space 9216K, 0% used [0x00000000d7d00000,0x00000000d7d00000,0x00000000d8600000)
 ParOldGen       total 40960K, used 6575K [0x0000000080000000, 0x0000000082800000, 0x00000000d5580000)
  object space 40960K, 16% used [0x0000000080000000,0x000000008066bf60,0x0000000082800000)
 Metaspace       used 30752K, capacity 31384K, committed 31616K, reserved 1077248K
  class space    used 4174K, capacity 4375K, committed 4480K, reserved 1048576K
Event: 21.776 GC heap after
Heap after GC invocations=12 (full 1):
 PSYoungGen      total 49664K, used 3680K [0x00000000d5580000, 0x00000000da400000, 0x0000000100000000)
  eden space 40448K, 0% used [0x00000000d5580000,0x00000000d5580000,0x00000000d7d00000)
  from space 9216K, 39% used [0x00000000d7d00000,0x00000000d8098368,0x00000000d8600000)
  to   space 9216K, 0% used [0x00000000d9b00000,0x00000000d9b00000,0x00000000da400000)
 ParOldGen       total 40960K, used 9416K [0x0000000080000000, 0x0000000082800000, 0x00000000d5580000)
  object space 40960K, 22% used [0x0000000080000000,0x0000000080932388,0x0000000082800000)
 Metaspace       used 30752K, capacity 31384K, committed 31616K, reserved 1077248K
  class space    used 4174K, capacity 4375K, committed 4480K, reserved 1048576K
}

